<?xml version="1.0" encoding="UTF-8"?>
<!-- Generated by org.testng.reporters.JUnitReportReporter -->
<testsuite hostname="HIEUNGUYENs-iMac.local" failures="0" tests="1" name="appiumTest" time="4.202" errors="0" timestamp="2020-12-31T11:01:55 ICT" skipped="0">
  <testcase classname="appiumTest" name="testCal" time="4.202"/>
  <system-out/>
</testsuite> <!-- appiumTest -->
